2023-03-02T01:42:35.198Z - log: [Package] menu@1.0.0 enable
2023-03-02T01:42:35.200Z - log: [Package] profile@1.0.0 enable
2023-03-02T01:42:35.206Z - log: [Package] project@1.0.2 enable
2023-03-02T01:42:35.210Z - log: [Package] messages@1.0.0 enable
2023-03-02T01:42:35.212Z - log: [Package] program@1.0.0 enable
2023-03-02T01:42:35.218Z - log: [Package] tester@1.0.0 enable
2023-03-02T01:42:35.222Z - log: [Package] preferences@1.0.0 enable
2023-03-02T01:42:37.249Z - log: Profile changed: engine (modules.includeModules: 2d,animation,audio,base,dragon-bones,gfx-webgl,gfx-webgl2,intersection-2d,marionette,particle-2d,physics-2d-box2d,profiler,skeletal-animation,spine,tiled-map,tween,ui,video,webview)
2023-03-02T01:42:37.268Z - log: [Package] engine@1.0.6 enable
2023-03-02T01:42:37.845Z - log: [Package] programming@1.0.0 enable
2023-03-02T01:42:37.894Z - warn: 
2023-03-02T01:42:37.919Z - warn: 
2023-03-02T01:42:38.097Z - log: [Package] device@1.0.1 enable
2023-03-02T01:42:38.125Z - log: [Package] ui-kit@1.0.1 enable
2023-03-02T01:42:38.149Z - log: [Package] engine-extends@1.0.0 enable
2023-03-02T01:42:38.191Z - log: [Package] asset-db@1.0.0 enable
2023-03-02T01:42:38.191Z - warn: 
2023-03-02T01:42:38.221Z - log: [Package] scene@1.0.0 enable
2023-03-02T01:42:38.318Z - log: [Package] server@1.0.0 enable
2023-03-02T01:42:38.342Z - log: [Package] utils@1.0.0 enable
2023-03-02T01:42:38.772Z - warn: Browserslist: caniuse-lite is outdated. Please run:
npx browserslist@latest --update-db

Why you should do it regularly:
https://github.com/browserslist/browserslist#browsers-data-updating
2023-03-02T01:42:40.406Z - warn: 
2023-03-02T01:42:40.406Z - warn: 
2023-03-02T01:42:40.406Z - warn: 
2023-03-02T01:42:40.411Z - warn: 
2023-03-02T01:42:40.411Z - warn: 
2023-03-02T01:42:40.411Z - warn: 
2023-03-02T01:42:41.082Z - warn: 
2023-03-02T01:42:41.113Z - log: [Package] preview@1.0.1 enable
2023-03-02T01:42:41.150Z - log: [Package] animator@1.0.0 enable
2023-03-02T01:42:41.185Z - log: pluginManager init: 0.09ms
2023-03-02T01:42:41.226Z - warn: [Programming] Browserslist: caniuse-lite is outdated. Please run:
  npx update-browserslist-db@latest
  Why you should do it regularly: https://github.com/browserslist/update-db#readme[Programming] Browserslist: caniuse-lite is outdated. Please run:
  npx update-browserslist-db@latest
  Why you should do it regularly: https://github.com/browserslist/update-db#readme  
at Logger.record (/Applications/CocosCreator/Creator/3.6.0/CocosCreator.app/Contents/Resources/app.asar/node_modules/@base/electron-logger/lib/renderer.ccc:1:458)  
at console.warn (/Applications/CocosCreator/Creator/3.6.0/CocosCreator.app/Contents/Resources/app.asar/node_modules/@base/electron-logger/lib/renderer.ccc:1:1260)  
at Object.oldDataWarning (/Applications/CocosCreator/Creator/3.6.0/CocosCreator.app/Contents/Resources/app.asar/node_modules/@cocos/creator-programming-mod-lo/node_modules/browserslist/node.js:386:15)  
at browserslist (/Applications/CocosCreator/Creator/3.6.0/CocosCreator.app/Contents/Resources/app.asar/node_modules/@cocos/creator-programming-mod-lo/node_modules/browserslist/index.js:394:7)  
at resolveTargets (/Applications/CocosCreator/Creator/3.6.0/CocosCreator.app/Contents/Resources/app.asar/node_modules/@cocos/creator-programming-mod-lo/node_modules/@babel/helper-compilation-targets/lib/index.js:165:20)  
at getTargets (/Applications/CocosCreator/Creator/3.6.0/CocosCreator.app/Contents/Resources/app.asar/node_modules/@cocos/creator-programming-mod-lo/node_modules/@babel/helper-compilation-targets/lib/index.js:210:27)  
at getLocalTargets (/Applications/CocosCreator/Creator/3.6.0/CocosCreator.app/Contents/Resources/app.asar/node_modules/@cocos/creator-programming-mod-lo/node_modules/@babel/preset-env/lib/index.js:227:48)  
at /Applications/CocosCreator/Creator/3.6.0/CocosCreator.app/Contents/Resources/app.asar/node_modules/@cocos/creator-programming-mod-lo/node_modules/@babel/preset-env/lib/index.js:288:15
2023-03-02T01:42:41.552Z - warn: 
2023-03-02T01:42:41.553Z - warn: 
2023-03-02T01:42:41.553Z - warn: 
2023-03-02T01:42:41.803Z - log: [Package] builder@1.3.3 enable
2023-03-02T01:42:41.843Z - log: [Package] shortcuts@1.0.1 enable
2023-03-02T01:42:41.868Z - log: [Package] animation-graph@1.0.0 enable
2023-03-02T01:42:41.894Z - log: [Package] about@1.0.0 enable
2023-03-02T01:42:41.921Z - log: [Package] assets@1.0.0 enable
2023-03-02T01:42:41.946Z - log: [Package] console@1.0.0 enable
2023-03-02T01:42:42.053Z - log: [Package] extension@3.0.16 enable
2023-03-02T01:42:42.077Z - log: [Package] hierarchy@1.0.0 enable
2023-03-02T01:42:42.102Z - log: [Package] inspector@1.0.0 enable
2023-03-02T01:42:42.124Z - log: [Package] lightmap@1.0.4 enable
2023-03-02T01:42:42.344Z - log: [Package] localization-editor@1.0.0 enable
2023-03-02T01:42:42.348Z - log: [Build-plugin] register pkg localization-editor: 2.64ms
2023-03-02T01:42:42.375Z - log: [Package] node-library@1.0.1 enable
2023-03-02T01:42:42.400Z - log: [Package] package-asset@1.0.0 enable
2023-03-02T01:42:42.426Z - log: [Package] process@1.0.0 enable
2023-03-02T01:42:42.455Z - log: [Package] reference-image@1.0.0 enable
2023-03-02T01:42:42.476Z - log: [Package] alipay-mini-game@1.0.1 enable
2023-03-02T01:42:42.476Z - log: [Build-plugin] register pkg alipay-mini-game: 0.46ms
2023-03-02T01:42:42.503Z - log: [Package] android@1.0.1 enable
2023-03-02T01:42:42.506Z - log: [Build-plugin] register pkg android: 2.924ms
2023-03-02T01:42:42.531Z - log: [Package] baidu-mini-game@1.0.1 enable
2023-03-02T01:42:42.533Z - log: [Build-plugin] register pkg baidu-mini-game: 1.916ms
2023-03-02T01:42:42.580Z - log: [Package] bytedance-mini-game@1.0.2 enable
2023-03-02T01:42:42.581Z - log: [Build-plugin] register pkg bytedance-mini-game: 1.216ms
2023-03-02T01:42:42.603Z - log: [Package] certificate@1.0.0 enable
2023-03-02T01:42:42.627Z - log: [Package] channel-upload-tools@1.0.0 enable
2023-03-02T01:42:42.649Z - log: [Package] cocos-play@1.0.1 enable
2023-03-02T01:42:42.652Z - log: [Build-plugin] register pkg cocos-play: 2.201ms
2023-03-02T01:42:42.678Z - log: [Package] huawei-agc@1.0.0 enable
2023-03-02T01:42:42.679Z - log: [Build-plugin] register pkg huawei-agc: 1.716ms
2023-03-02T01:42:42.706Z - log: [Package] huawei-quick-game@1.0.1 enable
2023-03-02T01:42:42.708Z - log: [Build-plugin] register pkg huawei-quick-game: 1.965ms
2023-03-02T01:42:42.919Z - log: [Package] ios@1.0.0 enable
2023-03-02T01:42:42.922Z - log: [Build-plugin] register pkg ios: 2.488ms
2023-03-02T01:42:42.947Z - log: [Package] linux@1.0.0 enable
2023-03-02T01:42:42.947Z - log: [Build-plugin] register pkg linux: 0.484ms
2023-03-02T01:42:42.968Z - log: [Package] mac@1.0.0 enable
2023-03-02T01:42:42.971Z - log: [Build-plugin] register pkg mac: 2.084ms
2023-03-02T01:42:43.041Z - log: [Package] native@1.0.2 enable
2023-03-02T01:42:43.043Z - log: [Build-plugin] register pkg native: 1.658ms
2023-03-02T01:42:43.065Z - log: [Package] ohos@1.0.0 enable
2023-03-02T01:42:43.067Z - log: [Build-plugin] register pkg ohos: 1.721ms
2023-03-02T01:42:43.093Z - log: [Package] open-harmonyos@1.0.0 enable
2023-03-02T01:42:43.094Z - log: [Build-plugin] register pkg open-harmonyos: 0.494ms
2023-03-02T01:42:43.118Z - log: [Package] oppo-mini-game@1.0.1 enable
2023-03-02T01:42:43.120Z - log: [Build-plugin] register pkg oppo-mini-game: 1.897ms
2023-03-02T01:42:43.146Z - log: [Package] runtime-dev-tools@1.0.0 enable
2023-03-02T01:42:43.167Z - log: [Package] vivo-mini-game@1.0.1 enable
2023-03-02T01:42:43.169Z - log: [Build-plugin] register pkg vivo-mini-game: 2.024ms
2023-03-02T01:42:43.206Z - log: [Package] web-desktop@1.0.1 enable
2023-03-02T01:42:43.209Z - log: [Build-plugin] register pkg web-desktop: 1.829ms
2023-03-02T01:42:43.238Z - log: [Package] web-mobile@1.0.1 enable
2023-03-02T01:42:43.240Z - log: [Build-plugin] register pkg web-mobile: 1.642ms
2023-03-02T01:42:43.264Z - log: [Package] wechatgame@1.0.2 enable
2023-03-02T01:42:43.267Z - log: [Build-plugin] register pkg wechatgame: 2.095ms
2023-03-02T01:42:43.289Z - log: [Package] windows@1.0.1 enable
2023-03-02T01:42:43.291Z - log: [Build-plugin] register pkg windows: 1.54ms
2023-03-02T01:42:43.314Z - log: [Package] xiaomi-quick-game@1.0.1 enable
2023-03-02T01:42:43.317Z - log: [Build-plugin] register pkg xiaomi-quick-game: 2.001ms
2023-03-02T01:42:43.480Z - log: [Package] cocos-service@3.0.5 enable
2023-03-02T01:42:43.481Z - log: [Build-plugin] register pkg cocos-service: 0.94ms
2023-03-02T01:42:43.507Z - log: [Package] importer@1.0.0 enable
2023-03-02T01:42:43.652Z - log: [Im-plugin] Check im-plugin version.
2023-03-02T01:42:43.655Z - log: [Package] im-plugin@3.0.9 enable
2023-03-02T01:42:45.165Z - log: [Im-plugin] No online info of im-plugin.
2023-03-02T01:42:45.457Z - log: [Scene] Please specifiy a default value for "cc.EditorExtendable.__editorExtras__" property at its declaration:

 
// Before:
@property(...)
myProp;
// After:
@property(...)
myProp = 0;
2023-03-02T01:42:45.470Z - log: [Scene] Please specifiy a default value for "CCPropertyOverrideInfo.value" property at its declaration:

 
// Before:
@property(...)
myProp;
// After:
@property(...)
myProp = 0;
2023-03-02T01:42:45.470Z - log: [Scene] Please specifiy a default value for "cc.PrefabInfo.asset" property at its declaration:

 
// Before:
@property(...)
myProp;
// After:
@property(...)
myProp = 0;
2023-03-02T01:42:45.470Z - log: [Scene] Please specifiy a default value for "cc.PrefabInfo.nestedPrefabInstanceRoots" property at its declaration:

 
// Before:
@property(...)
myProp;
// After:
@property(...)
myProp = 0;
2023-03-02T01:42:45.472Z - log: [Scene] The 'default' attribute of 'ColorDesc.beginAccesses' must be an array
2023-03-02T01:42:45.472Z - log: [Scene] The 'default' attribute of 'ColorDesc.endAccesses' must be an array
2023-03-02T01:42:45.479Z - log: [Scene] Please specifiy a default value for "cc.animation.TrackBinding.proxy" property at its declaration:

 
// Before:
@property(...)
myProp;
// After:
@property(...)
myProp = 0;
2023-03-02T01:42:45.479Z - log: [Scene] Please specifiy a default value for "cc.animation.Channel._curve" property at its declaration:

 
// Before:
@property(...)
myProp;
// After:
@property(...)
myProp = 0;
2023-03-02T01:42:45.479Z - log: [Scene] Please specifiy a default value for "cc.animation.SingleChannelTrack._channel" property at its declaration:

 
// Before:
@property(...)
myProp;
// After:
@property(...)
myProp = 0;
2023-03-02T01:42:45.480Z - log: [Scene] Please specifiy a default value for "cc.animation.VectorTrack._channels" property at its declaration:

 
// Before:
@property(...)
myProp;
// After:
@property(...)
myProp = 0;
2023-03-02T01:42:45.480Z - log: [Scene] Please specifiy a default value for "cc.animation.ColorTrack._channels" property at its declaration:

 
// Before:
@property(...)
myProp;
// After:
@property(...)
myProp = 0;
2023-03-02T01:42:45.480Z - log: [Scene] Please specifiy a default value for "cc.animation.SizeTrack._channels" property at its declaration:

 
// Before:
@property(...)
myProp;
// After:
@property(...)
myProp = 0;
2023-03-02T01:42:45.480Z - log: [Scene] Please specifiy a default value for "cc.animation.Transition.from" property at its declaration:

 
// Before:
@property(...)
myProp;
// After:
@property(...)
myProp = 0;
2023-03-02T01:42:45.480Z - log: [Scene] Please specifiy a default value for "cc.animation.Transition.to" property at its declaration:

 
// Before:
@property(...)
myProp;
// After:
@property(...)
myProp = 0;
2023-03-02T01:42:45.480Z - log: [Scene] Please specifiy a default value for "cc.animation.StateMachine._entryState" property at its declaration:

 
// Before:
@property(...)
myProp;
// After:
@property(...)
myProp = 0;
2023-03-02T01:42:45.480Z - log: [Scene] Please specifiy a default value for "cc.animation.StateMachine._exitState" property at its declaration:

 
// Before:
@property(...)
myProp;
// After:
@property(...)
myProp = 0;
2023-03-02T01:42:45.480Z - log: [Scene] Please specifiy a default value for "cc.animation.StateMachine._anyState" property at its declaration:

 
// Before:
@property(...)
myProp;
// After:
@property(...)
myProp = 0;
2023-03-02T01:42:45.481Z - log: [Scene] Please specifiy a default value for "cc.animation.Layer._stateMachine" property at its declaration:

 
// Before:
@property(...)
myProp;
// After:
@property(...)
myProp = 0;
2023-03-02T01:42:45.481Z - log: [Scene] Please specifiy a default value for "cc.animation.ExoticVectorLikeTrackValues._values" property at its declaration:

 
// Before:
@property(...)
myProp;
// After:
@property(...)
myProp = 0;
2023-03-02T01:42:45.481Z - log: [Scene] Please specifiy a default value for "cc.animation.ExoticVectorLikeTrackValues._isQuantized" property at its declaration:

 
// Before:
@property(...)
myProp;
// After:
@property(...)
myProp = 0;
2023-03-02T01:42:45.481Z - log: [Scene] Please specifiy a default value for "cc.animation.ExoticTrack.times" property at its declaration:

 
// Before:
@property(...)
myProp;
// After:
@property(...)
myProp = 0;
2023-03-02T01:42:45.481Z - log: [Scene] Please specifiy a default value for "cc.animation.ExoticTrack.values" property at its declaration:

 
// Before:
@property(...)
myProp;
// After:
@property(...)
myProp = 0;
2023-03-02T01:42:45.481Z - log: [Scene] Please specifiy a default value for "cc.animation.QuantizedFloatArray.originalPrecision" property at its declaration:

 
// Before:
@property(...)
myProp;
// After:
@property(...)
myProp = 0;
2023-03-02T01:42:45.481Z - log: [Scene] Please specifiy a default value for "cc.animation.QuantizedFloatArray.min" property at its declaration:

 
// Before:
@property(...)
myProp;
// After:
@property(...)
myProp = 0;
2023-03-02T01:42:45.481Z - log: [Scene] Please specifiy a default value for "cc.animation.QuantizedFloatArray.extent" property at its declaration:

 
// Before:
@property(...)
myProp;
// After:
@property(...)
myProp = 0;
2023-03-02T01:42:45.481Z - log: [Scene] Please specifiy a default value for "cc.animation.QuantizedFloatArray.values" property at its declaration:

 
// Before:
@property(...)
myProp;
// After:
@property(...)
myProp = 0;
2023-03-02T01:42:45.500Z - log: [Scene] 'cc.ParticleSystem2D.color' hides inherited property 'cc.UIRenderer.color'. To make the current property override that implementation, add the `override: true` attribute please.
2023-03-02T01:42:45.524Z - log: [Scene] No needs to indicate the 'cc.Boolean' attribute for "cc.Terrain._receiveShadow", which its default value is type of Boolean.
2023-03-02T01:42:45.524Z - log: [Scene] No needs to indicate the 'cc.Boolean' attribute for "cc.Terrain._useNormalmap", which its default value is type of Boolean.
2023-03-02T01:42:45.524Z - log: [Scene] No needs to indicate the 'cc.Boolean' attribute for "cc.Terrain._usePBR", which its default value is type of Boolean.
2023-03-02T01:42:45.524Z - log: [Scene] No needs to indicate the 'cc.Boolean' attribute for "cc.Terrain._lodEnable", which its default value is type of Boolean.
2023-03-02T01:42:45.584Z - info: [Scene] [Physics][Bullet]: Using asmjs Bullet libs.
2023-03-02T01:42:45.590Z - info: [Scene] [PHYSICS]: using builtin.
2023-03-02T01:42:45.659Z - log: [Scene] Cocos Creator v3.6.0
2023-03-02T01:42:45.660Z - info: [Scene] Forward render pipeline initialized.
