debug: Thu, 02 Mar 2023 01:42:41 GMT
debug: Project: /Users/super_javan/cocoscreator/PlayCard
debug: Targets: editor,preview
debug: Incremental file seems great.
debug: Engine path: /Applications/CocosCreator/Creator/3.6.0/CocosCreator.app/Contents/Resources/resources/3d/engine
debug: Initializing target [Editor]
debug: Loading cache
debug: Loading cache costs 0.7908749580383301ms.
debug: Engine features shipped in editor: base,gfx-webgl,gfx-webgl2,3d,animation,skeletal-animation,2d,ui,particle,particle-2d,physics-framework,physics-2d-framework,intersection-2d,primitive,profiler,occlusion-query,geometry-renderer,debug-renderer,audio,video,terrain,webview,tween,tiled-map,spine,dragon-bones,marionette,custom-pipeline
debug: Our import map(foo:/bar): {
  "imports": {
    "cc": "cce:/internal/x/cc"
  }
}
debug: Initializing target [Preview]
debug: Loading cache
debug: Loading cache costs 0.5699170827865601ms.
debug: Our import map(foo:/bar): {
  "imports": {
    "cc": "cce:/internal/x/cc"
  }
}
debug: Sync engine features: 2d,animation,audio,base,dragon-bones,gfx-webgl,gfx-webgl2,intersection-2d,marionette,particle-2d,physics-2d-box2d,profiler,skeletal-animation,spine,tiled-map,tween,ui,video,webview
debug: Reset databases. Enumerated domains: [
  {
    "root": "db://internal/",
    "physical": "/Applications/CocosCreator/Creator/3.6.0/CocosCreator.app/Contents/Resources/resources/3d/engine/editor/assets"
  },
  {
    "root": "db://assets/",
    "physical": "/Users/super_javan/cocoscreator/PlayCard/assets"
  }
]
debug: Our import map(foo:/bar): {
  "imports": {
    "cc": "cce:/internal/x/cc",
    "db://internal/": "file:///Applications/CocosCreator/Creator/3.6.0/CocosCreator.app/Contents/Resources/resources/3d/engine/editor/assets/",
    "db://assets/": "file:///Users/super_javan/cocoscreator/PlayCard/assets/"
  }
}
debug: Our import map(foo:/bar): {
  "imports": {
    "cc": "cce:/internal/x/cc",
    "db://internal/": "file:///Applications/CocosCreator/Creator/3.6.0/CocosCreator.app/Contents/Resources/resources/3d/engine/editor/assets/",
    "db://assets/": "file:///Users/super_javan/cocoscreator/PlayCard/assets/"
  }
}
debug: Pulling asset-db.
debug: Fetch asset-db cost: 8.587208986282349ms.
debug: Build iteration starts.
Number of accumulated asset changes: 5
Feature changed: false
debug: Target(editor) build started.
debug: Detected change: cce:/internal/x/cc. Last mtime: Thu Jan 01 1970 08:00:06 GMT+0800 (中国标准时间), Current mtime: Thu Jan 01 1970 08:00:03 GMT+0800 (中国标准时间)
debug: Inspect cce:/internal/x/cc
debug: Resolve cce:/internal/x/cc-fu/base from cce:/internal/x/cc as external dependency cce:/internal/x/cc-fu/base.
debug: Resolve cce:/internal/x/cc-fu/gfx-webgl from cce:/internal/x/cc as external dependency cce:/internal/x/cc-fu/gfx-webgl.
debug: Resolve cce:/internal/x/cc-fu/gfx-webgl2 from cce:/internal/x/cc as external dependency cce:/internal/x/cc-fu/gfx-webgl2.
debug: Resolve cce:/internal/x/cc-fu/3d from cce:/internal/x/cc as external dependency cce:/internal/x/cc-fu/3d.
debug: Resolve cce:/internal/x/cc-fu/animation from cce:/internal/x/cc as external dependency cce:/internal/x/cc-fu/animation.
debug: Resolve cce:/internal/x/cc-fu/skeletal-animation from cce:/internal/x/cc as external dependency cce:/internal/x/cc-fu/skeletal-animation.
debug: Resolve cce:/internal/x/cc-fu/2d from cce:/internal/x/cc as external dependency cce:/internal/x/cc-fu/2d.
debug: Resolve cce:/internal/x/cc-fu/ui from cce:/internal/x/cc as external dependency cce:/internal/x/cc-fu/ui.
debug: Resolve cce:/internal/x/cc-fu/particle from cce:/internal/x/cc as external dependency cce:/internal/x/cc-fu/particle.
debug: Resolve cce:/internal/x/cc-fu/particle-2d from cce:/internal/x/cc as external dependency cce:/internal/x/cc-fu/particle-2d.
debug: Resolve cce:/internal/x/cc-fu/physics-framework from cce:/internal/x/cc as external dependency cce:/internal/x/cc-fu/physics-framework.
debug: Resolve cce:/internal/x/cc-fu/physics-2d-framework from cce:/internal/x/cc as external dependency cce:/internal/x/cc-fu/physics-2d-framework.
debug: Resolve cce:/internal/x/cc-fu/intersection-2d from cce:/internal/x/cc as external dependency cce:/internal/x/cc-fu/intersection-2d.
debug: Resolve cce:/internal/x/cc-fu/primitive from cce:/internal/x/cc as external dependency cce:/internal/x/cc-fu/primitive.
debug: Resolve cce:/internal/x/cc-fu/profiler from cce:/internal/x/cc as external dependency cce:/internal/x/cc-fu/profiler.
debug: Resolve cce:/internal/x/cc-fu/geometry-renderer from cce:/internal/x/cc as external dependency cce:/internal/x/cc-fu/geometry-renderer.
debug: Resolve cce:/internal/x/cc-fu/audio from cce:/internal/x/cc as external dependency cce:/internal/x/cc-fu/audio.
debug: Resolve cce:/internal/x/cc-fu/video from cce:/internal/x/cc as external dependency cce:/internal/x/cc-fu/video.
debug: Resolve cce:/internal/x/cc-fu/terrain from cce:/internal/x/cc as external dependency cce:/internal/x/cc-fu/terrain.
debug: Resolve cce:/internal/x/cc-fu/webview from cce:/internal/x/cc as external dependency cce:/internal/x/cc-fu/webview.
debug: Resolve cce:/internal/x/cc-fu/tween from cce:/internal/x/cc as external dependency cce:/internal/x/cc-fu/tween.
debug: Resolve cce:/internal/x/cc-fu/tiled-map from cce:/internal/x/cc as external dependency cce:/internal/x/cc-fu/tiled-map.
debug: Resolve cce:/internal/x/cc-fu/spine from cce:/internal/x/cc as external dependency cce:/internal/x/cc-fu/spine.
debug: Resolve cce:/internal/x/cc-fu/dragon-bones from cce:/internal/x/cc as external dependency cce:/internal/x/cc-fu/dragon-bones.
debug: Resolve cce:/internal/x/cc-fu/custom-pipeline from cce:/internal/x/cc as external dependency cce:/internal/x/cc-fu/custom-pipeline.
debug: Detected change: cce:/internal/x/prerequisite-imports. Last mtime: Thu Jan 01 1970 09:21:17 GMT+0800 (中国标准时间), Current mtime: Thu Jan 01 1970 08:00:03 GMT+0800 (中国标准时间)
debug: Inspect cce:/internal/x/prerequisite-imports
debug: Resolve file:///Users/super_javan/cocoscreator/PlayCard/assets/Script/Enum/index.ts from cce:/internal/x/prerequisite-imports as file:///Users/super_javan/cocoscreator/PlayCard/assets/Script/Enum/index.ts.
debug: Inspect file:///Users/super_javan/cocoscreator/PlayCard/assets/Script/Enum/index.ts
debug: Resolve cc from file:///Users/super_javan/cocoscreator/PlayCard/assets/Script/Enum/index.ts as cce:/internal/x/cc.
debug: Resolve file:///Users/super_javan/cocoscreator/PlayCard/assets/Script/GameEngine.ts from cce:/internal/x/prerequisite-imports as file:///Users/super_javan/cocoscreator/PlayCard/assets/Script/GameEngine.ts.
debug: Inspect file:///Users/super_javan/cocoscreator/PlayCard/assets/Script/GameEngine.ts
debug: Resolve cce:/internal/code-quality/cr.mjs from file:///Users/super_javan/cocoscreator/PlayCard/assets/Script/GameEngine.ts as cce:/internal/code-quality/cr.mjs.
debug: Detected change: cce:/internal/code-quality/cr.mjs. Last mtime: Wed Mar 01 2023 22:36:44 GMT+0800 (中国标准时间), Current mtime: Thu Mar 02 2023 09:42:37 GMT+0800 (中国标准时间)
debug: Inspect cce:/internal/code-quality/cr.mjs
debug: Resolve cc from file:///Users/super_javan/cocoscreator/PlayCard/assets/Script/GameEngine.ts as cce:/internal/x/cc.
debug: Resolve cc from file:///Users/super_javan/cocoscreator/PlayCard/assets/Script/GameEngine.ts as cce:/internal/x/cc.
debug: Resolve cc from file:///Users/super_javan/cocoscreator/PlayCard/assets/Script/GameEngine.ts as cce:/internal/x/cc.
debug: Resolve ./Poker from file:///Users/super_javan/cocoscreator/PlayCard/assets/Script/GameEngine.ts as file:///Users/super_javan/cocoscreator/PlayCard/assets/Script/Poker.ts.
debug: Inspect file:///Users/super_javan/cocoscreator/PlayCard/assets/Script/Poker.ts
debug: Resolve cce:/internal/code-quality/cr.mjs from file:///Users/super_javan/cocoscreator/PlayCard/assets/Script/Poker.ts as cce:/internal/code-quality/cr.mjs.
debug: Resolve cc from file:///Users/super_javan/cocoscreator/PlayCard/assets/Script/Poker.ts as cce:/internal/x/cc.
debug: Resolve ./Enum from file:///Users/super_javan/cocoscreator/PlayCard/assets/Script/Poker.ts as file:///Users/super_javan/cocoscreator/PlayCard/assets/Script/Enum/index.ts.
debug: Resolve ./UIPoker from file:///Users/super_javan/cocoscreator/PlayCard/assets/Script/GameEngine.ts as file:///Users/super_javan/cocoscreator/PlayCard/assets/Script/UIPoker.ts.
debug: Inspect file:///Users/super_javan/cocoscreator/PlayCard/assets/Script/UIPoker.ts
debug: Resolve cce:/internal/code-quality/cr.mjs from file:///Users/super_javan/cocoscreator/PlayCard/assets/Script/UIPoker.ts as cce:/internal/code-quality/cr.mjs.
debug: Resolve cc from file:///Users/super_javan/cocoscreator/PlayCard/assets/Script/UIPoker.ts as cce:/internal/x/cc.
debug: Resolve cc from file:///Users/super_javan/cocoscreator/PlayCard/assets/Script/UIPoker.ts as cce:/internal/x/cc.
debug: Resolve cc from file:///Users/super_javan/cocoscreator/PlayCard/assets/Script/UIPoker.ts as cce:/internal/x/cc.
debug: Resolve file:///Users/super_javan/cocoscreator/PlayCard/assets/Script/Poker.ts from cce:/internal/x/prerequisite-imports as file:///Users/super_javan/cocoscreator/PlayCard/assets/Script/Poker.ts.
debug: Resolve file:///Users/super_javan/cocoscreator/PlayCard/assets/Script/UIGame.ts from cce:/internal/x/prerequisite-imports as file:///Users/super_javan/cocoscreator/PlayCard/assets/Script/UIGame.ts.
debug: Inspect file:///Users/super_javan/cocoscreator/PlayCard/assets/Script/UIGame.ts
debug: Resolve cce:/internal/code-quality/cr.mjs from file:///Users/super_javan/cocoscreator/PlayCard/assets/Script/UIGame.ts as cce:/internal/code-quality/cr.mjs.
debug: Resolve cc from file:///Users/super_javan/cocoscreator/PlayCard/assets/Script/UIGame.ts as cce:/internal/x/cc.
debug: Resolve cc from file:///Users/super_javan/cocoscreator/PlayCard/assets/Script/UIGame.ts as cce:/internal/x/cc.
debug: Resolve cc from file:///Users/super_javan/cocoscreator/PlayCard/assets/Script/UIGame.ts as cce:/internal/x/cc.
debug: Resolve ./GameEngine from file:///Users/super_javan/cocoscreator/PlayCard/assets/Script/UIGame.ts as file:///Users/super_javan/cocoscreator/PlayCard/assets/Script/GameEngine.ts.
debug: Resolve file:///Users/super_javan/cocoscreator/PlayCard/assets/Script/UIPoker.ts from cce:/internal/x/prerequisite-imports as file:///Users/super_javan/cocoscreator/PlayCard/assets/Script/UIPoker.ts.
debug: Target(editor) ends with cost 181.7115420103073ms.
debug: Target(preview) build started.
debug: Detected change: cce:/internal/x/cc. Last mtime: Thu Jan 01 1970 08:00:06 GMT+0800 (中国标准时间), Current mtime: Thu Jan 01 1970 08:00:03 GMT+0800 (中国标准时间)
debug: Inspect cce:/internal/x/cc
debug: Resolve cce:/internal/x/cc-fu/2d from cce:/internal/x/cc as external dependency cce:/internal/x/cc-fu/2d.
debug: Resolve cce:/internal/x/cc-fu/animation from cce:/internal/x/cc as external dependency cce:/internal/x/cc-fu/animation.
debug: Resolve cce:/internal/x/cc-fu/audio from cce:/internal/x/cc as external dependency cce:/internal/x/cc-fu/audio.
debug: Resolve cce:/internal/x/cc-fu/base from cce:/internal/x/cc as external dependency cce:/internal/x/cc-fu/base.
debug: Resolve cce:/internal/x/cc-fu/dragon-bones from cce:/internal/x/cc as external dependency cce:/internal/x/cc-fu/dragon-bones.
debug: Resolve cce:/internal/x/cc-fu/gfx-webgl from cce:/internal/x/cc as external dependency cce:/internal/x/cc-fu/gfx-webgl.
debug: Resolve cce:/internal/x/cc-fu/gfx-webgl2 from cce:/internal/x/cc as external dependency cce:/internal/x/cc-fu/gfx-webgl2.
debug: Resolve cce:/internal/x/cc-fu/intersection-2d from cce:/internal/x/cc as external dependency cce:/internal/x/cc-fu/intersection-2d.
debug: Resolve cce:/internal/x/cc-fu/particle-2d from cce:/internal/x/cc as external dependency cce:/internal/x/cc-fu/particle-2d.
debug: Resolve cce:/internal/x/cc-fu/physics-2d-box2d from cce:/internal/x/cc as external dependency cce:/internal/x/cc-fu/physics-2d-box2d.
debug: Resolve cce:/internal/x/cc-fu/physics-2d-framework from cce:/internal/x/cc as external dependency cce:/internal/x/cc-fu/physics-2d-framework.
debug: Resolve cce:/internal/x/cc-fu/profiler from cce:/internal/x/cc as external dependency cce:/internal/x/cc-fu/profiler.
debug: Resolve cce:/internal/x/cc-fu/skeletal-animation from cce:/internal/x/cc as external dependency cce:/internal/x/cc-fu/skeletal-animation.
debug: Resolve cce:/internal/x/cc-fu/spine from cce:/internal/x/cc as external dependency cce:/internal/x/cc-fu/spine.
debug: Resolve cce:/internal/x/cc-fu/tiled-map from cce:/internal/x/cc as external dependency cce:/internal/x/cc-fu/tiled-map.
debug: Resolve cce:/internal/x/cc-fu/tween from cce:/internal/x/cc as external dependency cce:/internal/x/cc-fu/tween.
debug: Resolve cce:/internal/x/cc-fu/ui from cce:/internal/x/cc as external dependency cce:/internal/x/cc-fu/ui.
debug: Resolve cce:/internal/x/cc-fu/video from cce:/internal/x/cc as external dependency cce:/internal/x/cc-fu/video.
debug: Resolve cce:/internal/x/cc-fu/webview from cce:/internal/x/cc as external dependency cce:/internal/x/cc-fu/webview.
debug: Detected change: cce:/internal/x/prerequisite-imports. Last mtime: Thu Jan 01 1970 09:21:17 GMT+0800 (中国标准时间), Current mtime: Thu Jan 01 1970 08:00:04 GMT+0800 (中国标准时间)
debug: Inspect cce:/internal/x/prerequisite-imports
debug: Resolve file:///Users/super_javan/cocoscreator/PlayCard/assets/Script/Enum/index.ts from cce:/internal/x/prerequisite-imports as file:///Users/super_javan/cocoscreator/PlayCard/assets/Script/Enum/index.ts.
debug: Inspect file:///Users/super_javan/cocoscreator/PlayCard/assets/Script/Enum/index.ts
debug: Resolve cc from file:///Users/super_javan/cocoscreator/PlayCard/assets/Script/Enum/index.ts as cce:/internal/x/cc.
debug: Resolve file:///Users/super_javan/cocoscreator/PlayCard/assets/Script/GameEngine.ts from cce:/internal/x/prerequisite-imports as file:///Users/super_javan/cocoscreator/PlayCard/assets/Script/GameEngine.ts.
debug: Inspect file:///Users/super_javan/cocoscreator/PlayCard/assets/Script/GameEngine.ts
debug: Resolve cce:/internal/code-quality/cr.mjs from file:///Users/super_javan/cocoscreator/PlayCard/assets/Script/GameEngine.ts as cce:/internal/code-quality/cr.mjs.
debug: Detected change: cce:/internal/code-quality/cr.mjs. Last mtime: Wed Mar 01 2023 22:36:44 GMT+0800 (中国标准时间), Current mtime: Thu Mar 02 2023 09:42:37 GMT+0800 (中国标准时间)
debug: Inspect cce:/internal/code-quality/cr.mjs
debug: Resolve cc from file:///Users/super_javan/cocoscreator/PlayCard/assets/Script/GameEngine.ts as cce:/internal/x/cc.
debug: Resolve cc from file:///Users/super_javan/cocoscreator/PlayCard/assets/Script/GameEngine.ts as cce:/internal/x/cc.
debug: Resolve cc from file:///Users/super_javan/cocoscreator/PlayCard/assets/Script/GameEngine.ts as cce:/internal/x/cc.
debug: Resolve ./Poker from file:///Users/super_javan/cocoscreator/PlayCard/assets/Script/GameEngine.ts as file:///Users/super_javan/cocoscreator/PlayCard/assets/Script/Poker.ts.
debug: Inspect file:///Users/super_javan/cocoscreator/PlayCard/assets/Script/Poker.ts
debug: Resolve cce:/internal/code-quality/cr.mjs from file:///Users/super_javan/cocoscreator/PlayCard/assets/Script/Poker.ts as cce:/internal/code-quality/cr.mjs.
debug: Resolve cc from file:///Users/super_javan/cocoscreator/PlayCard/assets/Script/Poker.ts as cce:/internal/x/cc.
debug: Resolve ./Enum from file:///Users/super_javan/cocoscreator/PlayCard/assets/Script/Poker.ts as file:///Users/super_javan/cocoscreator/PlayCard/assets/Script/Enum/index.ts.
debug: Resolve ./UIPoker from file:///Users/super_javan/cocoscreator/PlayCard/assets/Script/GameEngine.ts as file:///Users/super_javan/cocoscreator/PlayCard/assets/Script/UIPoker.ts.
debug: Inspect file:///Users/super_javan/cocoscreator/PlayCard/assets/Script/UIPoker.ts
debug: Resolve cce:/internal/code-quality/cr.mjs from file:///Users/super_javan/cocoscreator/PlayCard/assets/Script/UIPoker.ts as cce:/internal/code-quality/cr.mjs.
debug: Resolve cc from file:///Users/super_javan/cocoscreator/PlayCard/assets/Script/UIPoker.ts as cce:/internal/x/cc.
debug: Resolve cc from file:///Users/super_javan/cocoscreator/PlayCard/assets/Script/UIPoker.ts as cce:/internal/x/cc.
debug: Resolve cc from file:///Users/super_javan/cocoscreator/PlayCard/assets/Script/UIPoker.ts as cce:/internal/x/cc.
debug: Resolve file:///Users/super_javan/cocoscreator/PlayCard/assets/Script/Poker.ts from cce:/internal/x/prerequisite-imports as file:///Users/super_javan/cocoscreator/PlayCard/assets/Script/Poker.ts.
debug: Resolve file:///Users/super_javan/cocoscreator/PlayCard/assets/Script/UIGame.ts from cce:/internal/x/prerequisite-imports as file:///Users/super_javan/cocoscreator/PlayCard/assets/Script/UIGame.ts.
debug: Inspect file:///Users/super_javan/cocoscreator/PlayCard/assets/Script/UIGame.ts
debug: Resolve cce:/internal/code-quality/cr.mjs from file:///Users/super_javan/cocoscreator/PlayCard/assets/Script/UIGame.ts as cce:/internal/code-quality/cr.mjs.
debug: Resolve cc from file:///Users/super_javan/cocoscreator/PlayCard/assets/Script/UIGame.ts as cce:/internal/x/cc.
debug: Resolve cc from file:///Users/super_javan/cocoscreator/PlayCard/assets/Script/UIGame.ts as cce:/internal/x/cc.
debug: Resolve cc from file:///Users/super_javan/cocoscreator/PlayCard/assets/Script/UIGame.ts as cce:/internal/x/cc.
debug: Resolve ./GameEngine from file:///Users/super_javan/cocoscreator/PlayCard/assets/Script/UIGame.ts as file:///Users/super_javan/cocoscreator/PlayCard/assets/Script/GameEngine.ts.
debug: Resolve file:///Users/super_javan/cocoscreator/PlayCard/assets/Script/UIPoker.ts from cce:/internal/x/prerequisite-imports as file:///Users/super_javan/cocoscreator/PlayCard/assets/Script/UIPoker.ts.
debug: Target(preview) ends with cost 116.56033301353455ms.
debug: Pulling asset-db.
debug: Fetch asset-db cost: 7.666249990463257ms.
debug: Build iteration starts.
Number of accumulated asset changes: 5
Feature changed: false
debug: Target(editor) build started.
debug: Detected change: cce:/internal/x/prerequisite-imports. Last mtime: Thu Jan 01 1970 08:00:03 GMT+0800 (中国标准时间), Current mtime: Thu Jan 01 1970 08:00:04 GMT+0800 (中国标准时间)
debug: Inspect cce:/internal/x/prerequisite-imports
debug: Resolve file:///Users/super_javan/cocoscreator/PlayCard/assets/Script/Enum/index.ts from cce:/internal/x/prerequisite-imports as file:///Users/super_javan/cocoscreator/PlayCard/assets/Script/Enum/index.ts.
debug: Resolve file:///Users/super_javan/cocoscreator/PlayCard/assets/Script/GameEngine.ts from cce:/internal/x/prerequisite-imports as file:///Users/super_javan/cocoscreator/PlayCard/assets/Script/GameEngine.ts.
debug: Resolve file:///Users/super_javan/cocoscreator/PlayCard/assets/Script/Poker.ts from cce:/internal/x/prerequisite-imports as file:///Users/super_javan/cocoscreator/PlayCard/assets/Script/Poker.ts.
debug: Resolve file:///Users/super_javan/cocoscreator/PlayCard/assets/Script/UIGame.ts from cce:/internal/x/prerequisite-imports as file:///Users/super_javan/cocoscreator/PlayCard/assets/Script/UIGame.ts.
debug: Resolve file:///Users/super_javan/cocoscreator/PlayCard/assets/Script/UIPoker.ts from cce:/internal/x/prerequisite-imports as file:///Users/super_javan/cocoscreator/PlayCard/assets/Script/UIPoker.ts.
debug: Target(editor) ends with cost 10.7416250705719ms.
debug: Target(preview) build started.
debug: Detected change: cce:/internal/x/prerequisite-imports. Last mtime: Thu Jan 01 1970 08:00:04 GMT+0800 (中国标准时间), Current mtime: Thu Jan 01 1970 08:00:04 GMT+0800 (中国标准时间)
debug: Inspect cce:/internal/x/prerequisite-imports
debug: Resolve file:///Users/super_javan/cocoscreator/PlayCard/assets/Script/Enum/index.ts from cce:/internal/x/prerequisite-imports as file:///Users/super_javan/cocoscreator/PlayCard/assets/Script/Enum/index.ts.
debug: Resolve file:///Users/super_javan/cocoscreator/PlayCard/assets/Script/GameEngine.ts from cce:/internal/x/prerequisite-imports as file:///Users/super_javan/cocoscreator/PlayCard/assets/Script/GameEngine.ts.
debug: Resolve file:///Users/super_javan/cocoscreator/PlayCard/assets/Script/Poker.ts from cce:/internal/x/prerequisite-imports as file:///Users/super_javan/cocoscreator/PlayCard/assets/Script/Poker.ts.
debug: Resolve file:///Users/super_javan/cocoscreator/PlayCard/assets/Script/UIGame.ts from cce:/internal/x/prerequisite-imports as file:///Users/super_javan/cocoscreator/PlayCard/assets/Script/UIGame.ts.
debug: Resolve file:///Users/super_javan/cocoscreator/PlayCard/assets/Script/UIPoker.ts from cce:/internal/x/prerequisite-imports as file:///Users/super_javan/cocoscreator/PlayCard/assets/Script/UIPoker.ts.
debug: Target(preview) ends with cost 11.159958004951477ms.
